<?xml version="1.0" encoding="UTF-8"?>
<testsuite xmlns:xsi="http://www.w3.org/2001/XMLSchema-instance" xsi:noNamespaceSchemaLocation="https://maven.apache.org/surefire/maven-surefire-plugin/xsd/surefire-test-report-3.0.xsd" version="3.0" name="TestSuite" time="3.31" tests="23" errors="0" skipped="0" failures="0">
  <properties>
[...]
</properties>
  <testcase name="testApp on testApp(at.jku.se.prse.team3.AppTest)" classname="at.jku.se.prse.team3.AppTest" time="0.001"/>
  <testcase name="manualImport on manualImport(at.jku.se.prse.team3.FahrtenbuchTest)" classname="at.jku.se.prse.team3.FahrtenbuchTest" time="0.043"/>
  <testcase name="testExportImportFahrt on testExportImportFahrt(at.jku.se.prse.team3.FahrtenbuchTest)" classname="at.jku.se.prse.team3.FahrtenbuchTest" time="0.008"/>
  <testcase name="testNeueFahrt on testNeueFahrt(at.jku.se.prse.team3.FahrtenbuchTest)" classname="at.jku.se.prse.team3.FahrtenbuchTest" time="0"/>
  <testcase name="exportManual on exportManual(at.jku.se.prse.team3.FahrtenbuchTest)" classname="at.jku.se.prse.team3.FahrtenbuchTest" time="0.001"/>
  <testcase name="testBearbeiteFahrt on testBearbeiteFahrt(at.jku.se.prse.team3.FahrtenbuchTest)" classname="at.jku.se.prse.team3.FahrtenbuchTest" time="0.001"/>
  <testcase name="testLoescheFahrten on testLoescheFahrten(at.jku.se.prse.team3.FahrtenbuchTest)" classname="at.jku.se.prse.team3.FahrtenbuchTest" time="0"/>
  <testcase name="testZeigeKilometerDiagramm on testZeigeKilometerDiagramm(at.jku.se.prse.team3.FahrtenbuchUITest)" classname="at.jku.se.prse.team3.FahrtenbuchUITest" time="1.061"/>
  <testcase name="testZeigeErweiterteKilometerStatistik on testZeigeErweiterteKilometerStatistik(at.jku.se.prse.team3.FahrtenbuchUITest)" classname="at.jku.se.prse.team3.FahrtenbuchUITest" time="0.545"/>
  <testcase name="testZeigeJahresKilometerDiagramm on testZeigeJahresKilometerDiagramm(at.jku.se.prse.team3.FahrtenbuchUITest)" classname="at.jku.se.prse.team3.FahrtenbuchUITest" time="0.38"/>
  <testcase name="testBerechneKilometerProMonatUndKategorie on testBerechneKilometerProMonatUndKategorie(at.jku.se.prse.team3.FahrtenbuchUITest)" classname="at.jku.se.prse.team3.FahrtenbuchUITest" time="0.291"/>
  <testcase name="testZeigeJahresKilometerStatistik on testZeigeJahresKilometerStatistik(at.jku.se.prse.team3.FahrtenbuchUITest)" classname="at.jku.se.prse.team3.FahrtenbuchUITest" time="0.385"/>
  <testcase name="testFahrtStatusWertOf on testFahrtStatusWertOf(at.jku.se.prse.team3.FahrtStatusTest)" classname="at.jku.se.prse.team3.FahrtStatusTest" time="0"/>
  <testcase name="testFahrtStatusWerte on testFahrtStatusWerte(at.jku.se.prse.team3.FahrtStatusTest)" classname="at.jku.se.prse.team3.FahrtStatusTest" time="0.001"/>
  <testcase name="testAnkunftszeit on testAnkunftszeit(at.jku.se.prse.team3.FahrtTest)" classname="at.jku.se.prse.team3.FahrtTest" time="0"/>
  <testcase name="testDatum on testDatum(at.jku.se.prse.team3.FahrtTest)" classname="at.jku.se.prse.team3.FahrtTest" time="0"/>
  <testcase name="testKategorien on testKategorien(at.jku.se.prse.team3.FahrtTest)" classname="at.jku.se.prse.team3.FahrtTest" time="0"/>
  <testcase name="testAktiveFahrzeit on testAktiveFahrzeit(at.jku.se.prse.team3.FahrtTest)" classname="at.jku.se.prse.team3.FahrtTest" time="0"/>
  <testcase name="testGefahreneKilometer on testGefahreneKilometer(at.jku.se.prse.team3.FahrtTest)" classname="at.jku.se.prse.team3.FahrtTest" time="0"/>
  <testcase name="testFahrtstatus on testFahrtstatus(at.jku.se.prse.team3.FahrtTest)" classname="at.jku.se.prse.team3.FahrtTest" time="0"/>
  <testcase name="testKfzKennzeichen on testKfzKennzeichen(at.jku.se.prse.team3.FahrtTest)" classname="at.jku.se.prse.team3.FahrtTest" time="0"/>
  <testcase name="testAddKategorie on testAddKategorie(at.jku.se.prse.team3.FahrtTest)" classname="at.jku.se.prse.team3.FahrtTest" time="0.001"/>
  <testcase name="testAbfahrtszeit on testAbfahrtszeit(at.jku.se.prse.team3.FahrtTest)" classname="at.jku.se.prse.team3.FahrtTest" time="0"/>
</testsuite>